\BOOKMARK [0][-]{chapter.1}{\376\377\000P\000E\000N\000D\000A\000H\000U\000L\000U\000A\000N}{}% 1
\BOOKMARK [1][-]{section.1.1}{\376\377\000L\000A\000T\000A\000R\000\040\000B\000E\000L\000A\000K\000A\000N\000G}{chapter.1}% 2
\BOOKMARK [1][-]{section.1.2}{\376\377\000I\000D\000E\000N\000T\000I\000F\000I\000K\000A\000S\000I\000\040\000M\000A\000S\000A\000L\000A\000H}{chapter.1}% 3
\BOOKMARK [1][-]{section.1.3}{\376\377\000T\000U\000J\000U\000A\000N}{chapter.1}% 4
\BOOKMARK [1][-]{section.1.4}{\376\377\000R\000U\000A\000N\000G\000\040\000L\000I\000N\000G\000K\000U\000P}{chapter.1}% 5
\BOOKMARK [2][-]{subsection.1.4.1}{\376\377\000C\000a\000k\000u\000p\000a\000n\000\040\000F\000u\000n\000g\000s\000i\000o\000n\000a\000l}{section.1.4}% 6
\BOOKMARK [2][-]{subsection.1.4.2}{\376\377\000C\000a\000k\000u\000p\000a\000n\000\040\000T\000e\000k\000n\000i\000s}{section.1.4}% 7
\BOOKMARK [2][-]{subsection.1.4.3}{\376\377\000C\000a\000k\000u\000p\000a\000n\000\040\000P\000e\000n\000g\000u\000j\000i\000a\000n}{section.1.4}% 8
\BOOKMARK [2][-]{subsection.1.4.4}{\376\377\000B\000a\000t\000a\000s\000a\000n\000\040\000P\000e\000n\000e\000l\000i\000t\000i\000a\000n}{section.1.4}% 9
\BOOKMARK [2][-]{subsection.1.4.5}{\376\377\000L\000u\000a\000r\000a\000n\000\040\000P\000e\000n\000e\000l\000i\000t\000i\000a\000n}{section.1.4}% 10
\BOOKMARK [1][-]{section.1.5}{\376\377\000S\000I\000S\000T\000E\000M\000A\000T\000I\000K\000A\000\040\000P\000E\000N\000U\000L\000I\000S\000A\000N}{chapter.1}% 11
\BOOKMARK [0][-]{chapter.2}{\376\377\000L\000A\000N\000D\000A\000S\000A\000N\000\040\000T\000E\000O\000R\000I}{}% 12
\BOOKMARK [1][-]{section.2.1}{\376\377\000P\000L\000A\000T\000F\000O\000R\000M\000\040\000D\000O\000N\000A\000S\000I\000\040\000D\000I\000G\000I\000T\000A\000L}{chapter.2}% 13
\BOOKMARK [1][-]{section.2.2}{\376\377\000A\000R\000S\000I\000T\000E\000K\000T\000U\000R\000\040\000A\000P\000L\000I\000K\000A\000S\000I\000\040\000W\000E\000B\000\040\000M\000O\000D\000E\000R\000N}{chapter.2}% 14
\BOOKMARK [2][-]{subsection.2.2.1}{\376\377\000A\000r\000s\000i\000t\000e\000k\000t\000u\000r\000\040\000T\000h\000r\000e\000e\000-\000T\000i\000e\000r\000/\000N\000-\000T\000i\000e\000r}{section.2.2}% 15
\BOOKMARK [2][-]{subsection.2.2.2}{\376\377\000K\000o\000n\000s\000e\000p\000\040\000C\000l\000i\000e\000n\000t\000-\000S\000e\000r\000v\000e\000r}{section.2.2}% 16
\BOOKMARK [1][-]{section.2.3}{\376\377\000R\000E\000S\000T\000\040\000A\000P\000I\000\040\000D\000A\000N\000\040\000P\000R\000O\000T\000O\000K\000O\000L\000\040\000H\000T\000T\000P}{chapter.2}% 17
\BOOKMARK [1][-]{section.2.4}{\376\377\000A\000U\000T\000E\000N\000T\000I\000K\000A\000S\000I\000\040\000D\000A\000N\000\040\000O\000T\000O\000R\000I\000S\000A\000S\000I}{chapter.2}% 18
\BOOKMARK [2][-]{subsection.2.4.1}{\376\377\000O\000A\000u\000t\000h\000\040\0002\000.\0000}{section.2.4}% 19
\BOOKMARK [2][-]{subsection.2.4.2}{\376\377\000O\000p\000e\000n\000I\000D\000\040\000C\000o\000n\000n\000e\000c\000t}{section.2.4}% 20
\BOOKMARK [2][-]{subsection.2.4.3}{\376\377\000J\000W\000T}{section.2.4}% 21
\BOOKMARK [2][-]{subsection.2.4.4}{\376\377\000S\000k\000e\000m\000a\000\040\000B\000e\000a\000r\000e\000r\000\040\000T\000o\000k\000e\000n}{section.2.4}% 22
\BOOKMARK [2][-]{subsection.2.4.5}{\376\377\000K\000e\000a\000m\000a\000n\000a\000n\000\040\000A\000P\000I}{section.2.4}% 23
\BOOKMARK [1][-]{section.2.5}{\376\377\000D\000A\000T\000A\000B\000A\000S\000E\000\040\000N\000o\000S\000Q\000L\000\040\000\050\000M\000o\000n\000g\000o\000D\000B\000\051}{chapter.2}% 24
\BOOKMARK [1][-]{section.2.6}{\376\377\000F\000L\000O\000W\000C\000H\000A\000R\000T\000\040\000S\000I\000S\000T\000E\000M}{chapter.2}% 25
\BOOKMARK [1][-]{section.2.7}{\376\377\000U\000N\000I\000F\000I\000E\000D\000\040\000M\000O\000D\000E\000L\000I\000N\000G\000\040\000L\000A\000N\000G\000U\000A\000G\000E\000\040\000\050\000U\000M\000L\000\051}{chapter.2}% 26
\BOOKMARK [2][-]{subsection.2.7.1}{\376\377\000U\000s\000e\000\040\000C\000a\000s\000e\000\040\000D\000i\000a\000g\000r\000a\000m}{section.2.7}% 27
\BOOKMARK [2][-]{subsection.2.7.2}{\376\377\000A\000c\000t\000i\000v\000i\000t\000y\000\040\000D\000i\000a\000g\000r\000a\000m}{section.2.7}% 28
\BOOKMARK [2][-]{subsection.2.7.3}{\376\377\000S\000e\000q\000u\000e\000n\000c\000e\000\040\000D\000i\000a\000g\000r\000a\000m}{section.2.7}% 29
\BOOKMARK [2][-]{subsection.2.7.4}{\376\377\000C\000l\000a\000s\000s\000\040\000D\000i\000a\000g\000r\000a\000m}{section.2.7}% 30
\BOOKMARK [1][-]{section.2.8}{\376\377\000E\000N\000T\000I\000T\000Y\000-\000R\000E\000L\000A\000T\000I\000O\000N\000S\000H\000I\000P\000\040\000D\000I\000A\000G\000R\000A\000M\000\040\000\050\000E\000R\000D\000\051}{chapter.2}% 31
\BOOKMARK [1][-]{section.2.9}{\376\377\000P\000E\000R\000A\000N\000\040\000F\000I\000T\000U\000R\000\040\000S\000O\000C\000I\000A\000L\000\040\000S\000H\000A\000R\000I\000N\000G\000\040\000D\000A\000L\000A\000M\000\040\000D\000O\000N\000A\000S\000I\000\040\000D\000I\000G\000I\000T\000A\000L}{chapter.2}% 32
\BOOKMARK [0][-]{chapter.3}{\376\377\000M\000E\000T\000O\000D\000E\000\040\000P\000E\000N\000E\000L\000I\000T\000I\000A\000N}{}% 33
\BOOKMARK [1][-]{section.3.1}{\376\377\000M\000E\000T\000O\000D\000E\000\040\000P\000E\000N\000G\000E\000M\000B\000A\000N\000G\000A\000N\000\040\000S\000I\000S\000T\000E\000M}{chapter.3}% 34
\BOOKMARK [2][-]{subsection.3.1.1}{\376\377\000K\000o\000n\000s\000e\000p\000\040\000A\000g\000i\000l\000e\000\040\000D\000e\000v\000e\000l\000o\000p\000m\000e\000n\000t}{section.3.1}% 35
\BOOKMARK [2][-]{subsection.3.1.2}{\376\377\000A\000l\000u\000r\000\040\000I\000t\000e\000r\000a\000s\000i\000\040\000P\000e\000n\000g\000e\000m\000b\000a\000n\000g\000a\000n}{section.3.1}% 36
\BOOKMARK [2][-]{subsection.3.1.3}{\376\377\000P\000e\000n\000e\000r\000a\000p\000a\000n\000\040\000A\000g\000i\000l\000e\000\040\000p\000a\000d\000a\000\040\000P\000r\000o\000y\000e\000k\000\040\000N\000y\000u\000m\000b\000a\000n\000g\000i\000n}{section.3.1}% 37
\BOOKMARK [1][-]{section.3.2}{\376\377\000A\000N\000A\000L\000I\000S\000I\000S\000\040\000K\000E\000B\000U\000T\000U\000H\000A\000N}{chapter.3}% 38
\BOOKMARK [2][-]{subsection.3.2.1}{\376\377\000S\000u\000m\000b\000e\000r\000\040\000K\000e\000b\000u\000t\000u\000h\000a\000n}{section.3.2}% 39
\BOOKMARK [2][-]{subsection.3.2.2}{\376\377\000K\000e\000b\000u\000t\000u\000h\000a\000n\000\040\000F\000u\000n\000g\000s\000i\000o\000n\000a\000l}{section.3.2}% 40
\BOOKMARK [2][-]{subsection.3.2.3}{\376\377\000K\000e\000b\000u\000t\000u\000h\000a\000n\000\040\000N\000o\000n\000-\000F\000u\000n\000g\000s\000i\000o\000n\000a\000l}{section.3.2}% 41
\BOOKMARK [1][-]{section.3.3}{\376\377\000P\000E\000R\000A\000N\000C\000A\000N\000G\000A\000N\000\040\000S\000I\000S\000T\000E\000M}{chapter.3}% 42
\BOOKMARK [2][-]{subsection.3.3.1}{\376\377\000A\000r\000s\000i\000t\000e\000k\000t\000u\000r\000\040\000L\000o\000g\000i\000s}{section.3.3}% 43
\BOOKMARK [2][-]{subsection.3.3.2}{\376\377\000A\000r\000s\000i\000t\000e\000k\000t\000u\000r\000\040\000F\000i\000s\000i\000k}{section.3.3}% 44
\BOOKMARK [2][-]{subsection.3.3.3}{\376\377\000A\000r\000s\000i\000t\000e\000k\000t\000u\000r\000\040\000T\000e\000k\000n\000o\000l\000o\000g\000i}{section.3.3}% 45
\BOOKMARK [2][-]{subsection.3.3.4}{\376\377\000M\000o\000d\000u\000l\000\040\000U\000t\000a\000m\000a}{section.3.3}% 46
\BOOKMARK [2][-]{subsection.3.3.5}{\376\377\000S\000t\000r\000a\000t\000e\000g\000i\000\040\000D\000e\000s\000a\000i\000n}{section.3.3}% 47
\BOOKMARK [1][-]{section.3.4}{\376\377\000P\000E\000M\000O\000D\000E\000L\000A\000N\000\040\000S\000I\000S\000T\000E\000M}{chapter.3}% 48
\BOOKMARK [2][-]{subsection.3.4.1}{\376\377\000U\000s\000e\000\040\000C\000a\000s\000e}{section.3.4}% 49
\BOOKMARK [2][-]{subsection.3.4.2}{\376\377\000A\000c\000t\000i\000v\000i\000t\000y\000\040\000D\000i\000a\000g\000r\000a\000m}{section.3.4}% 50
\BOOKMARK [2][-]{subsection.3.4.3}{\376\377\000S\000e\000q\000u\000e\000n\000c\000e\000\040\000D\000i\000a\000g\000r\000a\000m}{section.3.4}% 51
\BOOKMARK [2][-]{subsection.3.4.4}{\376\377\000M\000o\000d\000e\000l\000\040\000E\000n\000t\000i\000t\000a\000s}{section.3.4}% 52
\BOOKMARK [2][-]{subsection.3.4.5}{\376\377\000R\000e\000l\000a\000s\000i\000\040\000E\000n\000t\000i\000t\000a\000s}{section.3.4}% 53
\BOOKMARK [1][-]{section.3.5}{\376\377\000M\000E\000T\000O\000D\000E\000\040\000P\000E\000R\000A\000N\000C\000A\000N\000G\000A\000N\000\040\000T\000E\000K\000N\000I\000S}{chapter.3}% 54
\BOOKMARK [1][-]{section.3.6}{\376\377\000M\000E\000T\000O\000D\000E\000\040\000P\000E\000N\000G\000U\000J\000I\000A\000N}{chapter.3}% 55
\BOOKMARK [2][-]{subsection.3.6.1}{\376\377\000J\000e\000n\000i\000s\000\040\000P\000e\000n\000g\000u\000j\000i\000a\000n}{section.3.6}% 56
\BOOKMARK [2][-]{subsection.3.6.2}{\376\377\000S\000k\000e\000n\000a\000r\000i\000o\000\040\000P\000e\000n\000g\000u\000j\000i\000a\000n}{section.3.6}% 57
\BOOKMARK [2][-]{subsection.3.6.3}{\376\377\000A\000l\000a\000t\000\040\000P\000e\000n\000g\000u\000j\000i\000a\000n}{section.3.6}% 58
\BOOKMARK [1][-]{section.3.7}{\376\377\000E\000V\000A\000L\000U\000A\000S\000I\000\040\000K\000E\000B\000E\000R\000H\000A\000S\000I\000L\000A\000N}{chapter.3}% 59
\BOOKMARK [2][-]{subsection.3.7.1}{\376\377\000I\000n\000t\000e\000r\000p\000r\000e\000t\000a\000s\000i\000\040\000d\000a\000n\000\040\000E\000v\000a\000l\000u\000a\000s\000i}{section.3.7}% 60
\BOOKMARK [2][-]{subsection.3.7.2}{\376\377\000K\000e\000s\000i\000m\000p\000u\000l\000a\000n\000\040\000E\000v\000a\000l\000u\000a\000s\000i}{section.3.7}% 61
\BOOKMARK [0][-]{chapter.4}{\376\377\000H\000A\000S\000I\000L\000\040\000D\000A\000N\000\040\000P\000E\000M\000B\000A\000H\000A\000S\000A\000N}{}% 62
\BOOKMARK [1][-]{section.4.1}{\376\377\000H\000A\000L\000A\000M\000A\000N\000\040\000A\000U\000T\000E\000N\000T\000I\000K\000A\000S\000I}{chapter.4}% 63
\BOOKMARK [1][-]{section.4.2}{\376\377\000H\000A\000L\000A\000M\000A\000N\000\040\000D\000O\000N\000A\000S\000I}{chapter.4}% 64
\BOOKMARK [2][-]{subsection.4.2.1}{\376\377\000F\000o\000r\000m\000\040\000D\000o\000n\000a\000s\000i}{section.4.2}% 65
\BOOKMARK [2][-]{subsection.4.2.2}{\376\377\000H\000a\000l\000a\000m\000a\000n\000\040\000P\000e\000m\000b\000a\000y\000a\000r\000a\000n\000\040\000M\000i\000d\000t\000r\000a\000n\000s}{section.4.2}% 66
\BOOKMARK [1][-]{section.4.3}{\376\377\000D\000A\000S\000H\000B\000O\000A\000R\000D\000\040\000K\000R\000E\000A\000T\000O\000R}{chapter.4}% 67
\BOOKMARK [1][-]{section.4.4}{\376\377\000H\000A\000L\000A\000M\000A\000N\000\040\000R\000E\000Q\000U\000E\000S\000T\000\040\000P\000A\000Y\000O\000U\000T}{chapter.4}% 68
\BOOKMARK [1][-]{section.4.5}{\376\377\000O\000V\000E\000R\000L\000A\000Y}{chapter.4}% 69
\BOOKMARK [2][-]{subsection.4.5.1}{\376\377\000O\000v\000e\000r\000l\000a\000y\000\040\000N\000o\000t\000i\000f\000i\000k\000a\000s\000i\000\040\000D\000o\000n\000a\000s\000i}{section.4.5}% 70
\BOOKMARK [2][-]{subsection.4.5.2}{\376\377\000O\000v\000e\000r\000l\000a\000y\000\040\000M\000e\000d\000i\000a\000\040\000S\000h\000a\000r\000e}{section.4.5}% 71
\BOOKMARK [2][-]{subsection.4.5.3}{\376\377\000O\000v\000e\000r\000l\000a\000y\000\040\000Q\000R\000\040\000l\000i\000n\000k\000\040\000D\000o\000n\000a\000s\000i}{section.4.5}% 72
\BOOKMARK [2][-]{subsection.4.5.4}{\376\377\000O\000v\000e\000r\000l\000a\000y\000\040\000L\000e\000a\000d\000e\000r\000b\000o\000a\000r\000d}{section.4.5}% 73
\BOOKMARK [1][-]{section.4.6}{\376\377\000D\000A\000S\000H\000B\000O\000A\000R\000D\000\040\000A\000D\000M\000I\000N}{chapter.4}% 74
\BOOKMARK [2][-]{subsection.4.6.1}{\376\377\000H\000a\000l\000a\000m\000a\000n\000\040\000D\000a\000s\000h\000b\000o\000a\000r\000d}{section.4.6}% 75
\BOOKMARK [2][-]{subsection.4.6.2}{\376\377\000H\000a\000l\000a\000m\000a\000n\000\040\000C\000r\000e\000a\000t\000o\000r}{section.4.6}% 76
\BOOKMARK [2][-]{subsection.4.6.3}{\376\377\000H\000a\000l\000a\000m\000a\000n\000\040\000P\000a\000y\000o\000u\000t}{section.4.6}% 77
\BOOKMARK [1][-]{section.4.7}{\376\377\000S\000T\000R\000U\000K\000T\000U\000R\000\040\000B\000A\000S\000I\000S\000\040\000D\000A\000T\000A}{chapter.4}% 78
\BOOKMARK [0][-]{chapter.5}{\376\377\000K\000E\000S\000I\000M\000P\000U\000L\000A\000N}{}% 79
