This is pdfTeX, Version 3.141592653-2.6-1.40.28 (TeX Live 2025) (preloaded format=pdflatex 2026.1.16)  19 JAN 2026 14:23
entering extended mode
 restricted \write18 enabled.
 %&-line parsing enabled.
**bukped
(./bukped.tex
LaTeX2e <2025-11-01>
L3 programming layer <2025-12-29>
(c:/Users/4guss/AppData/Roaming/TinyTeX/texmf-dist/tex/latex/base/report.cls
Document Class: report 2025/01/22 v1.4n Standard LaTeX document class
(c:/Users/4guss/AppData/Roaming/TinyTeX/texmf-dist/tex/latex/base/size12.clo
File: size12.clo 2025/01/22 v1.4n Standard LaTeX file (size option)
)
\c@part=\count275
\c@chapter=\count276
\c@section=\count277
\c@subsection=\count278
\c@subsubsection=\count279
\c@paragraph=\count280
\c@subparagraph=\count281
\c@figure=\count282
\c@table=\count283
\abovecaptionskip=\skip49
\belowcaptionskip=\skip50
\bibindent=\dimen148
) (c:/Users/4guss/AppData/Roaming/TinyTeX/texmf-dist/tex/latex/base/inputenc.sty
Package: inputenc 2024/02/08 v1.3d Input encoding file
\inpenc@prehook=\toks17
\inpenc@posthook=\toks18
) (c:/Users/4guss/AppData/Roaming/TinyTeX/texmf-dist/tex/latex/base/fontenc.sty
Package: fontenc 2025/07/18 v2.1d Standard LaTeX package
) (c:/Users/4guss/AppData/Roaming/TinyTeX/texmf-dist/tex/latex/psnfss/mathptmx.sty
Package: mathptmx 2020/03/25 PSNFSS-v9.3 Times w/ Math, improved (SPQR, WaS) 
LaTeX Font Info:    Redeclaring symbol font `operators' on input line 28.
LaTeX Font Info:    Overwriting symbol font `operators' in version `normal'
(Font)                  OT1/cmr/m/n --> OT1/ztmcm/m/n on input line 28.
LaTeX Font Info:    Overwriting symbol font `operators' in version `bold'
(Font)                  OT1/cmr/bx/n --> OT1/ztmcm/m/n on input line 28.
LaTeX Font Info:    Redeclaring symbol font `letters' on input line 29.
LaTeX Font Info:    Overwriting symbol font `letters' in version `normal'
(Font)                  OML/cmm/m/it --> OML/ztmcm/m/it on input line 29.
LaTeX Font Info:    Overwriting symbol font `letters' in version `bold'
(Font)                  OML/cmm/b/it --> OML/ztmcm/m/it on input line 29.
LaTeX Font Info:    Redeclaring symbol font `symbols' on input line 30.
LaTeX Font Info:    Overwriting symbol font `symbols' in version `normal'
(Font)                  OMS/cmsy/m/n --> OMS/ztmcm/m/n on input line 30.
LaTeX Font Info:    Overwriting symbol font `symbols' in version `bold'
(Font)                  OMS/cmsy/b/n --> OMS/ztmcm/m/n on input line 30.
LaTeX Font Info:    Redeclaring symbol font `largesymbols' on input line 31.
LaTeX Font Info:    Overwriting symbol font `largesymbols' in version `normal'
(Font)                  OMX/cmex/m/n --> OMX/ztmcm/m/n on input line 31.
LaTeX Font Info:    Overwriting symbol font `largesymbols' in version `bold'
(Font)                  OMX/cmex/m/n --> OMX/ztmcm/m/n on input line 31.
\symbold=\mathgroup4
\symitalic=\mathgroup5
LaTeX Font Info:    Redeclaring math alphabet \mathbf on input line 34.
LaTeX Font Info:    Overwriting math alphabet `\mathbf' in version `normal'
(Font)                  OT1/cmr/bx/n --> OT1/ptm/bx/n on input line 34.
LaTeX Font Info:    Overwriting math alphabet `\mathbf' in version `bold'
(Font)                  OT1/cmr/bx/n --> OT1/ptm/bx/n on input line 34.
LaTeX Font Info:    Redeclaring math alphabet \mathit on input line 35.
LaTeX Font Info:    Overwriting math alphabet `\mathit' in version `normal'
(Font)                  OT1/cmr/m/it --> OT1/ptm/m/it on input line 35.
LaTeX Font Info:    Overwriting math alphabet `\mathit' in version `bold'
(Font)                  OT1/cmr/bx/it --> OT1/ptm/m/it on input line 35.
LaTeX Info: Redefining \hbar on input line 50.
) (c:/Users/4guss/AppData/Roaming/TinyTeX/texmf-dist/tex/latex/psnfss/courier.sty
Package: courier 2020/03/25 PSNFSS-v9.3 (WaS) 
) (c:/Users/4guss/AppData/Roaming/TinyTeX/texmf-dist/tex/latex/psnfss/helvet.sty
Package: helvet 2020/03/25 PSNFSS-v9.3 (WaS) 
 (c:/Users/4guss/AppData/Roaming/TinyTeX/texmf-dist/tex/latex/graphics/keyval.sty
Package: keyval 2022/05/29 v1.15 key=value parser (DPC)
\KV@toks@=\toks19
)) (c:/Users/4guss/AppData/Roaming/TinyTeX/texmf-dist/tex/latex/amsmath/amsmath.sty
Package: amsmath 2025/07/09 v2.17z AMS math features
\@mathmargin=\skip51

For additional information on amsmath, use the `?' option.
(c:/Users/4guss/AppData/Roaming/TinyTeX/texmf-dist/tex/latex/amsmath/amstext.sty
Package: amstext 2024/11/17 v2.01 AMS text
 (c:/Users/4guss/AppData/Roaming/TinyTeX/texmf-dist/tex/latex/amsmath/amsgen.sty
File: amsgen.sty 1999/11/30 v2.0 generic functions
\@emptytoks=\toks20
\ex@=\dimen149
)) (c:/Users/4guss/AppData/Roaming/TinyTeX/texmf-dist/tex/latex/amsmath/amsbsy.sty
Package: amsbsy 1999/11/29 v1.2d Bold Symbols
\pmbraise@=\dimen150
) (c:/Users/4guss/AppData/Roaming/TinyTeX/texmf-dist/tex/latex/amsmath/amsopn.sty
Package: amsopn 2022/04/08 v2.04 operator names
)
\inf@bad=\count284
LaTeX Info: Redefining \frac on input line 233.
\uproot@=\count285
\leftroot@=\count286
LaTeX Info: Redefining \overline on input line 398.
LaTeX Info: Redefining \colon on input line 409.
\classnum@=\count287
\DOTSCASE@=\count288
LaTeX Info: Redefining \ldots on input line 495.
LaTeX Info: Redefining \dots on input line 498.
LaTeX Info: Redefining \cdots on input line 619.
\Mathstrutbox@=\box53
\strutbox@=\box54
LaTeX Info: Redefining \big on input line 721.
LaTeX Info: Redefining \Big on input line 722.
LaTeX Info: Redefining \bigg on input line 723.
LaTeX Info: Redefining \Bigg on input line 724.
\big@size=\dimen151
LaTeX Font Info:    Redeclaring font encoding OML on input line 742.
LaTeX Font Info:    Redeclaring font encoding OMS on input line 743.
\macc@depth=\count289
LaTeX Info: Redefining \bmod on input line 904.
LaTeX Info: Redefining \pmod on input line 909.
LaTeX Info: Redefining \smash on input line 939.
LaTeX Info: Redefining \relbar on input line 969.
LaTeX Info: Redefining \Relbar on input line 970.
\c@MaxMatrixCols=\count290
\dotsspace@=\muskip17
\c@parentequation=\count291
\dspbrk@lvl=\count292
\tag@help=\toks21
\row@=\count293
\column@=\count294
\maxfields@=\count295
\andhelp@=\toks22
\eqnshift@=\dimen152
\alignsep@=\dimen153
\tagshift@=\dimen154
\tagwidth@=\dimen155
\totwidth@=\dimen156
\lineht@=\dimen157
\@envbody=\toks23
\multlinegap=\skip52
\multlinetaggap=\skip53
\mathdisplay@stack=\toks24
LaTeX Info: Redefining \[ on input line 2950.
LaTeX Info: Redefining \] on input line 2951.
) (c:/Users/4guss/AppData/Roaming/TinyTeX/texmf-dist/tex/latex/geometry/geometry.sty
Package: geometry 2020/01/02 v5.9 Page Geometry
 (c:/Users/4guss/AppData/Roaming/TinyTeX/texmf-dist/tex/generic/iftex/ifvtex.sty
Package: ifvtex 2019/10/25 v1.7 ifvtex legacy package. Use iftex instead.
 (c:/Users/4guss/AppData/Roaming/TinyTeX/texmf-dist/tex/generic/iftex/iftex.sty
Package: iftex 2024/12/12 v1.0g TeX engine tests
))
\Gm@cnth=\count296
\Gm@cntv=\count297
\c@Gm@tempcnt=\count298
\Gm@bindingoffset=\dimen158
\Gm@wd@mp=\dimen159
\Gm@odd@mp=\dimen160
\Gm@even@mp=\dimen161
\Gm@layoutwidth=\dimen162
\Gm@layoutheight=\dimen163
\Gm@layouthoffset=\dimen164
\Gm@layoutvoffset=\dimen165
\Gm@dimlist=\toks25
) (c:/Users/4guss/AppData/Roaming/TinyTeX/texmf-dist/tex/latex/setspace/setspace.sty
Package: setspace 2022/12/04 v6.7b set line spacing
) (c:/Users/4guss/AppData/Roaming/TinyTeX/texmf-dist/tex/latex/titlesec/titlesec.sty
Package: titlesec 2025/01/04 v2.17 Sectioning titles
\ttl@box=\box55
\beforetitleunit=\skip54
\aftertitleunit=\skip55
\ttl@plus=\dimen166
\ttl@minus=\dimen167
\ttl@toksa=\toks26
\titlewidth=\dimen168
\titlewidthlast=\dimen169
\titlewidthfirst=\dimen170
) (c:/Users/4guss/AppData/Roaming/TinyTeX/texmf-dist/tex/latex/graphics/graphicx.sty
Package: graphicx 2024/12/31 v1.2e Enhanced LaTeX Graphics (DPC,SPQR)
 (c:/Users/4guss/AppData/Roaming/TinyTeX/texmf-dist/tex/latex/graphics/graphics.sty
Package: graphics 2024/08/06 v1.4g Standard LaTeX Graphics (DPC,SPQR)
 (c:/Users/4guss/AppData/Roaming/TinyTeX/texmf-dist/tex/latex/graphics/trig.sty
Package: trig 2023/12/02 v1.11 sin cos tan (DPC)
) (c:/Users/4guss/AppData/Roaming/TinyTeX/texmf-dist/tex/latex/graphics-cfg/graphics.cfg
File: graphics.cfg 2016/06/04 v1.11 sample graphics configuration
)
Package graphics Info: Driver file: pdftex.def on input line 106.
 (c:/Users/4guss/AppData/Roaming/TinyTeX/texmf-dist/tex/latex/graphics-def/pdftex.def
File: pdftex.def 2025/09/29 v1.2d Graphics/color driver for pdftex
))
\Gin@req@height=\dimen171
\Gin@req@width=\dimen172
) (c:/Users/4guss/AppData/Roaming/TinyTeX/texmf-dist/tex/latex/hyperref/hyperref.sty
Package: hyperref 2025-07-12 v7.01o Hypertext links for LaTeX
 (c:/Users/4guss/AppData/Roaming/TinyTeX/texmf-dist/tex/latex/kvsetkeys/kvsetkeys.sty
Package: kvsetkeys 2022-10-05 v1.19 Key value parser (HO)
) (c:/Users/4guss/AppData/Roaming/TinyTeX/texmf-dist/tex/generic/kvdefinekeys/kvdefinekeys.sty
Package: kvdefinekeys 2019-12-19 v1.6 Define keys (HO)
) (c:/Users/4guss/AppData/Roaming/TinyTeX/texmf-dist/tex/generic/pdfescape/pdfescape.sty
Package: pdfescape 2019/12/09 v1.15 Implements pdfTeX's escape features (HO)
 (c:/Users/4guss/AppData/Roaming/TinyTeX/texmf-dist/tex/generic/ltxcmds/ltxcmds.sty
Package: ltxcmds 2023-12-04 v1.26 LaTeX kernel commands for general use (HO)
) (c:/Users/4guss/AppData/Roaming/TinyTeX/texmf-dist/tex/generic/pdftexcmds/pdftexcmds.sty
Package: pdftexcmds 2020-06-27 v0.33 Utility functions of pdfTeX for LuaTeX (HO)
 (c:/Users/4guss/AppData/Roaming/TinyTeX/texmf-dist/tex/generic/infwarerr/infwarerr.sty
Package: infwarerr 2019/12/03 v1.5 Providing info/warning/error messages (HO)
)
Package pdftexcmds Info: \pdf@primitive is available.
Package pdftexcmds Info: \pdf@ifprimitive is available.
Package pdftexcmds Info: \pdfdraftmode found.
)) (c:/Users/4guss/AppData/Roaming/TinyTeX/texmf-dist/tex/latex/hycolor/hycolor.sty
Package: hycolor 2020-01-27 v1.10 Color options for hyperref/bookmark (HO)
) (c:/Users/4guss/AppData/Roaming/TinyTeX/texmf-dist/tex/latex/hyperref/nameref.sty
Package: nameref 2025-06-21 v2.57 Cross-referencing by name of section
 (c:/Users/4guss/AppData/Roaming/TinyTeX/texmf-dist/tex/latex/refcount/refcount.sty
Package: refcount 2019/12/15 v3.6 Data extraction from label references (HO)
) (c:/Users/4guss/AppData/Roaming/TinyTeX/texmf-dist/tex/generic/gettitlestring/gettitlestring.sty
Package: gettitlestring 2019/12/15 v1.6 Cleanup title references (HO)
 (c:/Users/4guss/AppData/Roaming/TinyTeX/texmf-dist/tex/latex/kvoptions/kvoptions.sty
Package: kvoptions 2022-06-15 v3.15 Key value format for package options (HO)
))
\c@section@level=\count299
) (c:/Users/4guss/AppData/Roaming/TinyTeX/texmf-dist/tex/latex/etoolbox/etoolbox.sty
Package: etoolbox 2025/10/02 v2.5m e-TeX tools for LaTeX (JAW)
\etb@tempcnta=\count300
) (c:/Users/4guss/AppData/Roaming/TinyTeX/texmf-dist/tex/generic/stringenc/stringenc.sty
Package: stringenc 2019/11/29 v1.12 Convert strings between diff. encodings (HO)
)
\@linkdim=\dimen173
\Hy@linkcounter=\count301
\Hy@pagecounter=\count302
 (c:/Users/4guss/AppData/Roaming/TinyTeX/texmf-dist/tex/latex/hyperref/pd1enc.def
File: pd1enc.def 2025-07-12 v7.01o Hyperref: PDFDocEncoding definition (HO)
Now handling font encoding PD1 ...
... no UTF-8 mapping file for font encoding PD1
) (c:/Users/4guss/AppData/Roaming/TinyTeX/texmf-dist/tex/generic/intcalc/intcalc.sty
Package: intcalc 2019/12/15 v1.3 Expandable calculations with integers (HO)
)
\Hy@SavedSpaceFactor=\count303
 (c:/Users/4guss/AppData/Roaming/TinyTeX/texmf-dist/tex/latex/hyperref/puenc.def
File: puenc.def 2025-07-12 v7.01o Hyperref: PDF Unicode definition (HO)
Now handling font encoding PU ...
... no UTF-8 mapping file for font encoding PU
)
Package hyperref Info: Hyper figures OFF on input line 4195.
Package hyperref Info: Link nesting OFF on input line 4200.
Package hyperref Info: Hyper index ON on input line 4203.
Package hyperref Info: Plain pages OFF on input line 4210.
Package hyperref Info: Backreferencing OFF on input line 4215.
Package hyperref Info: Implicit mode ON; LaTeX internals redefined.
Package hyperref Info: Bookmarks ON on input line 4462.
\c@Hy@tempcnt=\count304
 (c:/Users/4guss/AppData/Roaming/TinyTeX/texmf-dist/tex/latex/url/url.sty
\Urlmuskip=\muskip18
Package: url 2013/09/16  ver 3.4  Verb mode for urls, etc.
)
LaTeX Info: Redefining \url on input line 4801.
\XeTeXLinkMargin=\dimen174
 (c:/Users/4guss/AppData/Roaming/TinyTeX/texmf-dist/tex/generic/bitset/bitset.sty
Package: bitset 2019/12/09 v1.3 Handle bit-vector datatype (HO)
 (c:/Users/4guss/AppData/Roaming/TinyTeX/texmf-dist/tex/generic/bigintcalc/bigintcalc.sty
Package: bigintcalc 2019/12/15 v1.5 Expandable calculations on big integers (HO)
))
\Fld@menulength=\count305
\Field@Width=\dimen175
\Fld@charsize=\dimen176
Package hyperref Info: Hyper figures OFF on input line 6078.
Package hyperref Info: Link nesting OFF on input line 6083.
Package hyperref Info: Hyper index ON on input line 6086.
Package hyperref Info: backreferencing OFF on input line 6093.
Package hyperref Info: Link coloring OFF on input line 6098.
Package hyperref Info: Link coloring with OCG OFF on input line 6103.
Package hyperref Info: PDF/A mode OFF on input line 6108.
\Hy@abspage=\count306
\c@Item=\count307
\c@Hfootnote=\count308
)
Package hyperref Info: Driver (autodetected): hpdftex.
 (c:/Users/4guss/AppData/Roaming/TinyTeX/texmf-dist/tex/latex/hyperref/hpdftex.def
File: hpdftex.def 2025-07-12 v7.01o Hyperref driver for pdfTeX
\Fld@listcount=\count309
\c@bookmark@seq@number=\count310
 (c:/Users/4guss/AppData/Roaming/TinyTeX/texmf-dist/tex/latex/rerunfilecheck/rerunfilecheck.sty
Package: rerunfilecheck 2025-06-21 v1.11 Rerun checks for auxiliary files (HO)
 (c:/Users/4guss/AppData/Roaming/TinyTeX/texmf-dist/tex/generic/uniquecounter/uniquecounter.sty
Package: uniquecounter 2019/12/15 v1.4 Provide unlimited unique counter (HO)
)
Package uniquecounter Info: New unique counter `rerunfilecheck' on input line 284.
)
\Hy@SectionHShift=\skip56
) (c:/Users/4guss/AppData/Roaming/TinyTeX/texmf-dist/tex/latex/booktabs/booktabs.sty
Package: booktabs 2020/01/12 v1.61803398 Publication quality tables
\heavyrulewidth=\dimen177
\lightrulewidth=\dimen178
\cmidrulewidth=\dimen179
\belowrulesep=\dimen180
\belowbottomsep=\dimen181
\aboverulesep=\dimen182
\abovetopsep=\dimen183
\cmidrulesep=\dimen184
\cmidrulekern=\dimen185
\defaultaddspace=\dimen186
\@cmidla=\count311
\@cmidlb=\count312
\@aboverulesep=\dimen187
\@belowrulesep=\dimen188
\@thisruleclass=\count313
\@lastruleclass=\count314
\@thisrulewidth=\dimen189
) (c:/Users/4guss/AppData/Roaming/TinyTeX/texmf-dist/tex/latex/tools/array.sty
Package: array 2025/09/25 v2.6n Tabular extension package (FMi)
\col@sep=\dimen190
\ar@mcellbox=\box56
\extrarowheight=\dimen191
\NC@list=\toks27
\extratabsurround=\skip57
\backup@length=\skip58
\ar@cellbox=\box57
) (c:/Users/4guss/AppData/Roaming/TinyTeX/texmf-dist/tex/latex/caption/caption.sty
Package: caption 2023/08/05 v3.6o Customizing captions (AR)
 (c:/Users/4guss/AppData/Roaming/TinyTeX/texmf-dist/tex/latex/caption/caption3.sty
Package: caption3 2023/07/31 v2.4d caption3 kernel (AR)
\caption@tempdima=\dimen192
\captionmargin=\dimen193
\caption@leftmargin=\dimen194
\caption@rightmargin=\dimen195
\caption@width=\dimen196
\caption@indent=\dimen197
\caption@parindent=\dimen198
\caption@hangindent=\dimen199
Package caption Info: Standard document class detected.
)
\c@caption@flags=\count315
\c@continuedfloat=\count316
Package caption Info: hyperref package is loaded.
) (c:/Users/4guss/AppData/Roaming/TinyTeX/texmf-dist/tex/latex/enumitem/enumitem.sty
Package: enumitem 2025/02/06 v3.11 Customized lists
\labelindent=\skip59
\enit@outerparindent=\dimen256
\enit@toks=\toks28
\enit@inbox=\box58
\enit@count@id=\count317
\enitdp@description=\count318
) (c:/Users/4guss/AppData/Roaming/TinyTeX/texmf-dist/tex/latex/parskip/parskip.sty
Package: parskip 2021-03-14 v2.0h non-zero parskip adjustments
) (c:/Users/4guss/AppData/Roaming/TinyTeX/texmf-dist/tex/latex/fancyhdr/fancyhdr.sty
Package: fancyhdr 2025/02/07 v5.2 Extensive control of page headers and footers
\f@nch@headwidth=\skip60
\f@nch@offset@elh=\skip61
\f@nch@offset@erh=\skip62
\f@nch@offset@olh=\skip63
\f@nch@offset@orh=\skip64
\f@nch@offset@elf=\skip65
\f@nch@offset@erf=\skip66
\f@nch@offset@olf=\skip67
\f@nch@offset@orf=\skip68
\f@nch@height=\skip69
\f@nch@footalignment=\skip70
\f@nch@widthL=\skip71
\f@nch@widthC=\skip72
\f@nch@widthR=\skip73
\@temptokenb=\toks29
) (c:/Users/4guss/AppData/Roaming/TinyTeX/texmf-dist/tex/latex/tocloft/tocloft.sty
Package: tocloft 2017/08/31 v2.3i parameterised ToC, etc., typesetting
Package tocloft Info: The document has chapter divisions on input line 51.
\cftparskip=\skip74
\cftbeforetoctitleskip=\skip75
\cftaftertoctitleskip=\skip76
\cftbeforepartskip=\skip77
\cftpartnumwidth=\skip78
\cftpartindent=\skip79
\cftbeforechapskip=\skip80
\cftchapindent=\skip81
\cftchapnumwidth=\skip82
\cftbeforesecskip=\skip83
\cftsecindent=\skip84
\cftsecnumwidth=\skip85
\cftbeforesubsecskip=\skip86
\cftsubsecindent=\skip87
\cftsubsecnumwidth=\skip88
\cftbeforesubsubsecskip=\skip89
\cftsubsubsecindent=\skip90
\cftsubsubsecnumwidth=\skip91
\cftbeforeparaskip=\skip92
\cftparaindent=\skip93
\cftparanumwidth=\skip94
\cftbeforesubparaskip=\skip95
\cftsubparaindent=\skip96
\cftsubparanumwidth=\skip97
\cftbeforeloftitleskip=\skip98
\cftafterloftitleskip=\skip99
\cftbeforefigskip=\skip100
\cftfigindent=\skip101
\cftfignumwidth=\skip102
\c@lofdepth=\count319
\c@lotdepth=\count320
\cftbeforelottitleskip=\skip103
\cftafterlottitleskip=\skip104
\cftbeforetabskip=\skip105
\cfttabindent=\skip106
\cfttabnumwidth=\skip107


Package tocloft Warning: \@starttoc has already been redefined; tocloft bailing out. on input line 1156.

) (c:/Users/4guss/AppData/Roaming/TinyTeX/texmf-dist/tex/latex/tools/tabularx.sty
Package: tabularx 2023/12/11 v2.12a `tabularx' package (DPC)
\TX@col@width=\dimen257
\TX@old@table=\dimen258
\TX@old@col=\dimen259
\TX@target=\dimen260
\TX@delta=\dimen261
\TX@cols=\count321
\TX@ftn=\toks30
) (c:/Users/4guss/AppData/Roaming/TinyTeX/texmf-dist/tex/latex/tools/longtable.sty
Package: longtable 2025-10-13 v4.24 Multi-page Table package (DPC)
\LTleft=\skip108
\LTright=\skip109
\LTpre=\skip110
\LTpost=\skip111
\LTchunksize=\count322
\LTcapwidth=\dimen262
\LT@head=\box59
\LT@firsthead=\box60
\LT@foot=\box61
\LT@lastfoot=\box62
\LT@gbox=\box63
\LT@cols=\count323
\LT@rows=\count324
\c@LT@tables=\count325
\c@LT@chunks=\count326
\LT@p@ftn=\toks31
) (c:/Users/4guss/AppData/Roaming/TinyTeX/texmf-dist/tex/latex/ragged2e/ragged2e.sty
Package: ragged2e 2023/06/22 v3.6 ragged2e Package
\CenteringLeftskip=\skip112
\RaggedLeftLeftskip=\skip113
\RaggedRightLeftskip=\skip114
\CenteringRightskip=\skip115
\RaggedLeftRightskip=\skip116
\RaggedRightRightskip=\skip117
\CenteringParfillskip=\skip118
\RaggedLeftParfillskip=\skip119
\RaggedRightParfillskip=\skip120
\JustifyingParfillskip=\skip121
\CenteringParindent=\skip122
\RaggedLeftParindent=\skip123
\RaggedRightParindent=\skip124
\JustifyingParindent=\skip125
) (c:/Users/4guss/AppData/Roaming/TinyTeX/texmf-dist/tex/generic/xstring/xstring.sty (c:/Users/4guss/AppData/Roaming/TinyTeX/texmf-dist/tex/generic/xstring/xstring.tex
\xs_counta=\count327
\xs_countb=\count328
)
Package: xstring 2023/08/22 v1.86 String manipulations (CT)
)
LaTeX Font Info:    Trying to load font information for T1+ptm on input line 48.
 (c:/Users/4guss/AppData/Roaming/TinyTeX/texmf-dist/tex/latex/psnfss/t1ptm.fd
File: t1ptm.fd 2001/06/04 font definitions for T1/ptm.
) (c:/Users/4guss/AppData/Roaming/TinyTeX/texmf-dist/tex/latex/l3backend/l3backend-pdftex.def
File: l3backend-pdftex.def 2025-10-09 L3 backend support: PDF output (pdfTeX)
\l__color_backend_stack_int=\count329
) (./bukped.aux (./chapters/introduction.aux) (./chapters/literature_review.aux) (./chapters/methodology.aux) (./chapters/results.aux) (./chapters/conclusion.aux))
\openout1 = `bukped.aux'.

LaTeX Font Info:    Checking defaults for OML/cmm/m/it on input line 48.
LaTeX Font Info:    ... okay on input line 48.
LaTeX Font Info:    Checking defaults for OMS/cmsy/m/n on input line 48.
LaTeX Font Info:    ... okay on input line 48.
LaTeX Font Info:    Checking defaults for OT1/cmr/m/n on input line 48.
LaTeX Font Info:    ... okay on input line 48.
LaTeX Font Info:    Checking defaults for T1/cmr/m/n on input line 48.
LaTeX Font Info:    ... okay on input line 48.
LaTeX Font Info:    Checking defaults for TS1/cmr/m/n on input line 48.
LaTeX Font Info:    ... okay on input line 48.
LaTeX Font Info:    Checking defaults for OMX/cmex/m/n on input line 48.
LaTeX Font Info:    ... okay on input line 48.
LaTeX Font Info:    Checking defaults for U/cmr/m/n on input line 48.
LaTeX Font Info:    ... okay on input line 48.
LaTeX Font Info:    Checking defaults for PD1/pdf/m/n on input line 48.
LaTeX Font Info:    ... okay on input line 48.
LaTeX Font Info:    Checking defaults for PU/pdf/m/n on input line 48.
LaTeX Font Info:    ... okay on input line 48.

*geometry* driver: auto-detecting
*geometry* detected driver: pdftex
*geometry* verbose mode - [ preamble ] result:
* driver: pdftex
* paper: a4paper
* layout: <same size as paper>
* layoutoffset:(h,v)=(0.0pt,0.0pt)
* modes: 
* h-part:(L,W,R)=(113.81102pt, 398.3386pt, 85.35826pt)
* v-part:(T,H,B)=(85.35826pt, 674.33032pt, 85.35826pt)
* \paperwidth=597.50787pt
* \paperheight=845.04684pt
* \textwidth=398.3386pt
* \textheight=674.33032pt
* \oddsidemargin=41.54103pt
* \evensidemargin=41.54103pt
* \topmargin=-23.91173pt
* \headheight=12.0pt
* \headsep=25.0pt
* \topskip=12.0pt
* \footskip=30.0pt
* \marginparwidth=35.0pt
* \marginparsep=10.0pt
* \columnsep=10.0pt
* \skip\footins=10.8pt plus 4.0pt minus 2.0pt
* \hoffset=0.0pt
* \voffset=0.0pt
* \mag=1000
* \@twocolumnfalse
* \@twosidefalse
* \@mparswitchfalse
* \@reversemarginfalse
* (1in=72.27pt=25.4mm, 1cm=28.453pt)

(c:/Users/4guss/AppData/Roaming/TinyTeX/texmf-dist/tex/latex/epstopdf-pkg/epstopdf-base.sty
Package: epstopdf-base 2020-01-24 v2.11 Base part for package epstopdf
Package epstopdf-base Info: Redefining graphics rule for `.eps' on input line 485.
 (c:/Users/4guss/AppData/Roaming/TinyTeX/texmf-dist/tex/latex/latexconfig/epstopdf-sys.cfg
File: epstopdf-sys.cfg 2010/07/13 v1.3 Configuration of (r)epstopdf for TeX Live
))
Package hyperref Info: Link coloring OFF on input line 48.
 (./bukped.out) (./bukped.out)
\@outlinefile=\write3
\openout3 = `bukped.out'.

Package caption Info: Begin \AtBeginDocument code.
Package caption Info: longtable package is loaded.
 (c:/Users/4guss/AppData/Roaming/TinyTeX/texmf-dist/tex/latex/caption/ltcaption.sty
Package: ltcaption 2021/01/08 v1.4c longtable captions (AR)
)
Package caption Info: End \AtBeginDocument code.
LaTeX Font Info:    Trying to load font information for OT1+ztmcm on input line 60.
 (c:/Users/4guss/AppData/Roaming/TinyTeX/texmf-dist/tex/latex/psnfss/ot1ztmcm.fd
File: ot1ztmcm.fd 2000/01/03 Fontinst v1.801 font definitions for OT1/ztmcm.
)
LaTeX Font Info:    Trying to load font information for OML+ztmcm on input line 60.
 (c:/Users/4guss/AppData/Roaming/TinyTeX/texmf-dist/tex/latex/psnfss/omlztmcm.fd
File: omlztmcm.fd 2000/01/03 Fontinst v1.801 font definitions for OML/ztmcm.
)
LaTeX Font Info:    Trying to load font information for OMS+ztmcm on input line 60.
 (c:/Users/4guss/AppData/Roaming/TinyTeX/texmf-dist/tex/latex/psnfss/omsztmcm.fd
File: omsztmcm.fd 2000/01/03 Fontinst v1.801 font definitions for OMS/ztmcm.
)
LaTeX Font Info:    Trying to load font information for OMX+ztmcm on input line 60.
 (c:/Users/4guss/AppData/Roaming/TinyTeX/texmf-dist/tex/latex/psnfss/omxztmcm.fd
File: omxztmcm.fd 2000/01/03 Fontinst v1.801 font definitions for OMX/ztmcm.
)
LaTeX Font Info:    Trying to load font information for OT1+ptm on input line 60.
 (c:/Users/4guss/AppData/Roaming/TinyTeX/texmf-dist/tex/latex/psnfss/ot1ptm.fd
File: ot1ptm.fd 2001/06/04 font definitions for OT1/ptm.
)
LaTeX Font Info:    Font shape `OT1/ptm/bx/n' in size <12> not available
(Font)              Font shape `OT1/ptm/b/n' tried instead on input line 60.
LaTeX Font Info:    Font shape `OT1/ptm/bx/n' in size <9> not available
(Font)              Font shape `OT1/ptm/b/n' tried instead on input line 60.
LaTeX Font Info:    Font shape `OT1/ptm/bx/n' in size <7> not available
(Font)              Font shape `OT1/ptm/b/n' tried instead on input line 60.
 [1

{c:/Users/4guss/AppData/Roaming/TinyTeX/texmf-var/fonts/map/pdftex/updmap/pdftex.map}{c:/Users/4guss/AppData/Roaming/TinyTeX/texmf-dist/fonts/enc/dvips/base/8r.enc}]
Underfull \hbox (badness 10000) in paragraph at lines 77--79

 []


Underfull \hbox (badness 6110) in paragraph at lines 84--85
[]|\T1/ptm/b/n/12 Rolly Maulana Awangga, S.T.,MT.
 []


Overfull \hbox (23.99997pt too wide) in paragraph at lines 80--91
[] 
 []


pdfTeX warning (ext4): destination with the same identifier (name{page.1}) has been already used, duplicate ignored
<to be read again> 
                   \relax 
l.97     N
          IK: 115.88.193 [1

] [2] [3

] [4] [5

] [6]
Overfull \hbox (12.88625pt too wide) in paragraph at lines 151--152
\T1/ptm/m/n/12 melalui over-lay, leader-board pen-dukung, serta mekanisme pen-cairan dana bagi kreator.
 []

[7

] (./bukped.toc [8

] [9])
\tf@toc=\write4
\openout4 = `bukped.toc'.

 (./bukped.lof [10])
\tf@lof=\write5
\openout5 = `bukped.lof'.

 (./bukped.lot)
\tf@lot=\write6
\openout6 = `bukped.lot'.

 [11]
\openout2 = `chapters/introduction.aux'.

 (./chapters/introduction.tex
BAB 1.

Overfull \hbox (11.0978pt too wide) in paragraph at lines 4--5
\T1/ptm/m/n/12 prak-tik peng-galan-gan dana, khusus-nya melalui plat-form donasi dig-i-tal berba-sis \T1/ptm/m/it/12 crowd-
 []


Overfull \hbox (3.15309pt too wide) in paragraph at lines 4--5
\T1/ptm/m/n/12 dalam meningkatkan ak-ses pen-danaan sosial serta men-dorong par-tisi-pasi masyarakat
 []


Overfull \hbox (1.35405pt too wide) in paragraph at lines 6--7
[]\T1/ptm/m/n/12 Dalam kon-teks donasi dig-i-tal, berba-gai studi menekankan bahwa fak-tor keper-cayaan
 []


Overfull \hbox (13.40154pt too wide) in paragraph at lines 6--7
\T1/ptm/m/n/12 (\T1/ptm/m/it/12 trust\T1/ptm/m/n/12 ) dan in-o-vasi teknologi meru-pakan de-ter-mi-nan utama dalam kepu-tu-san berdonasi.
 []


Overfull \hbox (25.07736pt too wide) in paragraph at lines 6--7
\T1/ptm/m/n/12 posi-tif ter-hadap kepu-tu-san donasi \T1/ptm/m/it/12 on-line \T1/ptm/m/n/12 (Tari-gan, 2023). Se-lain itu, persepsi transparansi
 []


Overfull \hbox (9.8621pt too wide) in paragraph at lines 8--9
\T1/ptm/m/n/12 jukkan bahwa peng-gu-naan QRIS pada plat-form \T1/ptm/m/it/12 donation-based crowd-fund-ing \T1/ptm/m/n/12 mampu
 []

[12


]
Overfull \hbox (2.99673pt too wide) in paragraph at lines 21--22
[]\T1/ptm/m/n/12 Kebutuhan akan se-buah me-dia be-la-jar dan in-o-vasi, yang tetap memi-liki potensi
 []

[13]
Overfull \hbox (4.8446pt too wide) in paragraph at lines 27--28
[]\T1/ptm/m/n/12 Merancang dan mengim-ple-men-tasikan plat-form donasi seder-hana se-ba-gai pen-
 []

LaTeX Font Info:    Trying to load font information for TS1+ptm on input line 40.
(c:/Users/4guss/AppData/Roaming/TinyTeX/texmf-dist/tex/latex/psnfss/ts1ptm.fd
File: ts1ptm.fd 2001/06/04 font definitions for TS1/ptm.
)
Overfull \hbox (0.28535pt too wide) in paragraph at lines 40--41
[]\T1/ptm/m/n/12 JSON Web To-ken (JWT) un-tuk au-t-en-tikasi berba-sis user-name/password. 
 []


Overfull \hbox (15.80043pt too wide) in paragraph at lines 43--44
\T1/ptm/m/n/12 ti-tas donor ter-batas/anonim), peny-im-panan data donasi, serta penya-jian ringkasan
 []

LaTeX Font Info:    Trying to load font information for T1+pcr on input line 45.
(c:/Users/4guss/AppData/Roaming/TinyTeX/texmf-dist/tex/latex/psnfss/t1pcr.fd
File: t1pcr.fd 2001/06/04 font definitions for T1/pcr.
)
Overfull \hbox (110.28952pt too wide) in paragraph at lines 45--46
\T1/ptm/m/n/12 per-ingkat donasi se-cara global melalui end-point con-toh \T1/pcr/m/n/12 GET /api/dashboard/leaderboard
 []

[14]
Overfull \hbox (9.4633pt too wide) in paragraph at lines 52--53
[]\T1/ptm/b/n/12 Arsitektur Ap-likasi\T1/ptm/m/n/12 : Pem-ban-gu-nan sis-tem berba-sis Next.js den-gan API Routes
 []


Overfull \hbox (5.66043pt too wide) in paragraph at lines 52--53
\T1/ptm/m/n/12 se-ba-gai back-end, Node.js run-time, dan NoSQL Mon-goDB meng-gu-nakan Mon-
 []


Overfull \hbox (51.81158pt too wide) in paragraph at lines 61--62
[]\T1/ptm/m/n/12 Uji fung-sional ter-hadap end-point inti seperti au-t-en-tikasi kreator, pen-catatan/pengambilan
 []

[15]
Overfull \hbox (7.32875pt too wide) in paragraph at lines 69--70
[]\T1/ptm/b/n/12 Integrasi Pem-ba-yaran Bersi-fat Sim-u-lasi\T1/ptm/m/n/12 : \T1/ptm/m/it/12 Pay-ment gate-way \T1/ptm/m/n/12 di-gu-nakan dalam
 []

[16]
Overfull \hbox (7.49675pt too wide) in paragraph at lines 90--91
\T1/ptm/m/n/12 pengem-ban-gan lebih lan-jut seperti in-te-grasi \T1/ptm/m/it/12 pay-ment gate-way real\T1/ptm/m/n/12 , pen-ingkatan
 []

) [17]
\openout2 = `chapters/literature_review.aux'.

 (./chapters/literature_review.tex
BAB 2.

Overfull \hbox (3.32152pt too wide) in paragraph at lines 8--9
\T1/ptm/m/n/12 eko-sis-tem ini, penye-dia si-tus web (\T1/ptm/m/it/12 web-site providers\T1/ptm/m/n/12 ) berperan menye-di-akan layanan
 []


Overfull \hbox (5.67456pt too wide) in paragraph at lines 8--9
\T1/ptm/m/n/12 mem-p-re-sen-tasikan kam-pa-nye mereka kepada calon pen-dukung (\T1/ptm/m/it/12 back-ers\T1/ptm/m/n/12 ) guna meng-
 []

[18




]
Overfull \hbox (1.93005pt too wide) in paragraph at lines 11--12
\T1/ptm/m/n/12 ter-aksi dan men-jalankan fungsinya. Oleh karena itu, pem-ba-hasan berikut di-fokuskan
 []


Overfull \hbox (4.35356pt too wide) in paragraph at lines 17--18
\T1/ptm/m/n/12 mener-ima per-mintaan terse-but, mem-pros-es-nya, dan mem-berikan re-spons yang sesuai
 []

[19]
Overfull \hbox (3.23824pt too wide) in paragraph at lines 26--27
\T1/ptm/m/n/12 tanpa harus menge-tahui atau meny-im-pan kre-den-sial peng-guna se-cara lang-sung (Lod-
 []

[20]
Overfull \hbox (35.63995pt too wide) in paragraph at lines 35--36
\T1/ptm/m/n/12 klien cukup meny-er-takan to-ken pada header (\T1/pcr/m/n/12 Authorization: Bearer <token>\T1/ptm/m/n/12 )
 []

[21]
Overfull \hbox (5.72125pt too wide) in paragraph at lines 38--39
\T1/ptm/m/n/12 Keamanan API meru-pakan as-pek kri-tis dalam pengem-ban-gan ap-likasi mod-ern karena
 []

[22]
Overfull \hbox (1.19829pt too wide) in paragraph at lines 49--50
\T1/ptm/m/n/12 lan stan-dar yang di-gu-nakan un-tuk mer-an-cang dan men-doku-men-tasikan sis-tem beror-
 []

[23] [24]
Overfull \hbox (48.63484pt too wide) in paragraph at lines 68--68
|[]\T1/ptm/b/n/17.28 PERAN FI-TUR SO-CIAL SHAR-ING DALAM DONASI
 []


Overfull \hbox (4.49765pt too wide) in paragraph at lines 71--72
[]\T1/ptm/m/n/12 Salah satu mekanisme yang da-pat dit-er-ap-kan adalah fi-tur \T1/ptm/m/it/12 so-cial shar-ing\T1/ptm/m/n/12 , yang memu-
 []

) [25]
\openout2 = `chapters/methodology.aux'.

 (./chapters/methodology.tex
BAB 3.

Overfull \hbox (29.29071pt too wide) in paragraph at lines 4--5
\T1/ptm/m/n/12 Pengembangan plat-form Nyum-ban-gin meng-gu-nakan pen-dekatan \T1/ptm/m/it/12 Ag-ile\T1/ptm/m/n/12 , yang menekankan
 []


Overfull \hbox (2.01369pt too wide) in paragraph at lines 4--5
\T1/ptm/m/it/12 Ag-ile \T1/ptm/m/n/12 dip-ilih karena sesuai den-gan karak-ter-is-tik proyek berskala ke-cil hingga menen-
 []


Overfull \hbox (23.93843pt too wide) in paragraph at lines 11--12
[]\T1/ptm/m/n/12 Dalam kon-teks pengem-ban-gan plat-form Nyum-ban-gin, \T1/ptm/m/it/12 Ag-ile \T1/ptm/m/n/12 di-gu-nakan se-ba-gai kerangka
 []

[26




]
Overfull \hbox (2.7331pt too wide) in paragraph at lines 14--16
\T1/ptm/m/n/12 Proses pengem-ban-gan sis-tem di-lakukan melalui be-ber-apa sik-lus it-erasi yang masing-
 []

[27]
Overfull \hbox (7.06456pt too wide) in paragraph at lines 38--39
[]\T1/ptm/b/n/12 Pengelolaan Donasi\T1/ptm/m/n/12 , men-cakup pem-bu-atan transaksi, in-te-grasi Mid-trans, pem-
 []


Overfull \hbox (1.77312pt too wide) in paragraph at lines 39--40
[]\T1/ptm/b/n/12 Notifikasi Real-Time\T1/ptm/m/n/12 , yang menampilkan donasi ter-baru pada over-lay kreator
 []


Overfull \hbox (26.33694pt too wide) in paragraph at lines 40--41
[]\T1/ptm/b/n/12 Leaderboard\T1/ptm/m/n/12 , baik se-cara global maupun berdasarkan kreator, un-tuk menampilkan
 []

[28]
Overfull \hbox (2.15596pt too wide) in paragraph at lines 62--63
[]\T1/ptm/b/n/12 Lapisan API (Ap-pli-ca-tion Layer)\T1/ptm/m/n/12 : Men-gelola end-point un-tuk donasi, leader-
 []


Overfull \hbox (6.99223pt too wide) in paragraph at lines 63--64
[]\T1/ptm/b/n/12 Lapisan Layanan Util-i-tas (Ser-vice Layer)\T1/ptm/m/n/12 : Meliputi modul koneksi database,
 []

[29]
Overfull \hbox (10.63974pt too wide) in paragraph at lines 74--75
[]\T1/ptm/m/n/12 Overlay di-gu-nakan se-cara mandiri melalui OBS atau iframe un-tuk menampilkan
 []


Overfull \hbox (3.50166pt too wide) in paragraph at lines 78--79
\T1/ptm/m/n/12 Arsitektur teknologi sis-tem men-cakup peng-gu-naan Next.js se-ba-gai frame-work utama
 []


Overfull \hbox (4.8216pt too wide) in paragraph at lines 78--79
\T1/ptm/m/n/12 meng-hasilkan sis-tem yang mod-ern, re-spon-sif, serta siap di-in-te-grasikan den-gan berba-
 []


LaTeX Warning: File `images/arsitektur_teknologi.png' not found on input line 82.


! Package pdftex.def Error: File `images/arsitektur_teknologi.png' not found: using draft setting.

See the pdftex.def package documentation for explanation.
Type  H <return>  for immediate help.
 ...                                              
                                                  
l.82 ...extwidth]{images/arsitektur_teknologi.png}
                                                  
Try typing  <return>  to proceed.
If that doesn't work, type  X <return>  to quit.

[30]

LaTeX Warning: File `images/usecase_diagram.png' not found on input line 109.


! Package pdftex.def Error: File `images/usecase_diagram.png' not found: using draft setting.

See the pdftex.def package documentation for explanation.
Type  H <return>  for immediate help.
 ...                                              
                                                  
l.109 ....8\textwidth]{images/usecase_diagram.png}
                                                  
Try typing  <return>  to proceed.
If that doesn't work, type  X <return>  to quit.


Overfull \hbox (0.8977pt too wide) in paragraph at lines 115--117
\T1/ptm/b/n/12 Activity Di-a-gram proses Donasi\T1/ptm/m/n/12 : Ac-tiv-ity di-a-gram proses Donasi menggam-barkan
 []

[31] [32]

LaTeX Warning: File `images/activity_donasi.png' not found on input line 120.


! Package pdftex.def Error: File `images/activity_donasi.png' not found: using draft setting.

See the pdftex.def package documentation for explanation.
Type  H <return>  for immediate help.
 ...                                              
                                                  
l.120 ....8\textwidth]{images/activity_donasi.png}
                                                  
Try typing  <return>  to proceed.
If that doesn't work, type  X <return>  to quit.


LaTeX Warning: File `images/activity_payout.png' not found on input line 130.


! Package pdftex.def Error: File `images/activity_payout.png' not found: using draft setting.

See the pdftex.def package documentation for explanation.
Type  H <return>  for immediate help.
 ...                                              
                                                  
l.130 ....8\textwidth]{images/activity_payout.png}
                                                  
Try typing  <return>  to proceed.
If that doesn't work, type  X <return>  to quit.


Overfull \hbox (3.62192pt too wide) in paragraph at lines 136--138
\T1/ptm/b/n/12 Sequence Di-a-gram Donasi\T1/ptm/m/n/12 : Pada se-quence di-a-gram ini menggam-barkan alur proses
 []

[33] [34]

LaTeX Warning: File `images/sequence_donasi.png' not found on input line 141.


! Package pdftex.def Error: File `images/sequence_donasi.png' not found: using draft setting.

See the pdftex.def package documentation for explanation.
Type  H <return>  for immediate help.
 ...                                              
                                                  
l.141 ....8\textwidth]{images/sequence_donasi.png}
                                                  
Try typing  <return>  to proceed.
If that doesn't work, type  X <return>  to quit.


LaTeX Warning: File `images/sequence_leaderboard.png' not found on input line 151.


! Package pdftex.def Error: File `images/sequence_leaderboard.png' not found: using draft setting.

See the pdftex.def package documentation for explanation.
Type  H <return>  for immediate help.
 ...                                              
                                                  
l.151 ...xtwidth]{images/sequence_leaderboard.png}
                                                  
Try typing  <return>  to proceed.
If that doesn't work, type  X <return>  to quit.

[35] [36]
Overfull \hbox (10.4121pt too wide) in paragraph at lines 162--163
[]\T1/ptm/b/n/12 Donation\T1/ptm/m/n/12 : Men-catat selu-ruh transaksi donasi, ter-ma-suk nom-i-nal, pe-san, metode
 []


Overfull \hbox (13.29254pt too wide) in paragraph at lines 162--163
\T1/ptm/m/n/12 pem-ba-yaran, sta-tus (PEND-ING/PAID), serta re-lasi ter-hadap kreator yang mener-
 []


Overfull \hbox (12.12863pt too wide) in paragraph at lines 164--165
\T1/ptm/m/n/12 jum-lah pen-cairan, fee plat-form, sta-tus (PEND-ING/APPROVED/PROCESSED),
 []


Overfull \hbox (35.39613pt too wide) in paragraph at lines 165--166
\T1/ptm/m/n/12 seperti donasi ter-baru atau me-dia share yang harus di-tayangkan oleh streamer/kreator. 
 []


Overfull \hbox (24.77705pt too wide) in paragraph at lines 176--177
\T1/ptm/m/n/12 Seluruh en-ti-tas terse-but berperan dalam memas-tikan in-tegri-tas data serta menghubungkan
 []

[37]

LaTeX Warning: File `images/erd.png' not found on input line 183.


! Package pdftex.def Error: File `images/erd.png' not found: using draft setting.

See the pdftex.def package documentation for explanation.
Type  H <return>  for immediate help.
 ...                                              
                                                  
l.183 ...hics[width=0.8\textwidth]{images/erd.png}
                                                  
Try typing  <return>  to proceed.
If that doesn't work, type  X <return>  to quit.

[38]
Overfull \hbox (2.04977pt too wide) in paragraph at lines 198--199
\T1/ptm/m/n/12 selu-ruh fungsi sis-tem ber-jalan sesuai ke-bu-tuhan, aman di-gu-nakan, dan meng-hasilkan
 []

[39]
Overfull \hbox (10.20912pt too wide) in paragraph at lines 209--210
[]\T1/ptm/b/n/12 Pengujian Kin-erja (Per-for-mance Test-ing)\T1/ptm/m/n/12 : Di-fokuskan pada ke-cepatan query,
 []


Overfull \hbox (8.9964pt too wide) in paragraph at lines 220--221
\T1/ptm/m/n/12 Post-man $\OMS/ztmcm/m/n/12 !$ \T1/ptm/m/n/12 sta-tus donasi harus berubah men-jadi PAID $\OMS/ztmcm/m/n/12 !$ \T1/ptm/m/n/12 over-lay menampilkan
 []

[40]
Overfull \hbox (15.46591pt too wide) in paragraph at lines 240--241
[]\T1/ptm/m/n/12 Coverage yang ren-dah lebih dise-babkan oleh lingkup pen-gu-jian yang di-fokuskan,
 []

) [41] [42]
\openout2 = `chapters/results.aux'.

 (./chapters/results.tex
BAB 4.

LaTeX Warning: File `images/halaman_login.png' not found on input line 8.


! Package pdftex.def Error: File `images/halaman_login.png' not found: using draft setting.

See the pdftex.def package documentation for explanation.
Type  H <return>  for immediate help.
 ...                                              
                                                  
l.8 ...th=0.8\textwidth]{images/halaman_login.png}
                                                  
Try typing  <return>  to proceed.
If that doesn't work, type  X <return>  to quit.

[43




]

LaTeX Warning: File `images/form_donasi.png' not found on input line 19.


! Package pdftex.def Error: File `images/form_donasi.png' not found: using draft setting.

See the pdftex.def package documentation for explanation.
Type  H <return>  for immediate help.
 ...                                              
                                                  
l.19 ...dth=0.8\textwidth]{images/form_donasi.png}
                                                  
Try typing  <return>  to proceed.
If that doesn't work, type  X <return>  to quit.


LaTeX Warning: File `images/pembayaran_midtrans.png' not found on input line 29.


! Package pdftex.def Error: File `images/pembayaran_midtrans.png' not found: using draft setting.

See the pdftex.def package documentation for explanation.
Type  H <return>  for immediate help.
 ...                                              
                                                  
l.29 ...textwidth]{images/pembayaran_midtrans.png}
                                                  
Try typing  <return>  to proceed.
If that doesn't work, type  X <return>  to quit.


LaTeX Warning: File `images/dashboard_kreator.png' not found on input line 39.


! Package pdftex.def Error: File `images/dashboard_kreator.png' not found: using draft setting.

See the pdftex.def package documentation for explanation.
Type  H <return>  for immediate help.
 ...                                              
                                                  
l.39 ...8\textwidth]{images/dashboard_kreator.png}
                                                  
Try typing  <return>  to proceed.
If that doesn't work, type  X <return>  to quit.


LaTeX Warning: File `images/halaman_payout.png' not found on input line 49.


! Package pdftex.def Error: File `images/halaman_payout.png' not found: using draft setting.

See the pdftex.def package documentation for explanation.
Type  H <return>  for immediate help.
 ...                                              
                                                  
l.49 ...=0.8\textwidth]{images/halaman_payout.png}
                                                  
Try typing  <return>  to proceed.
If that doesn't work, type  X <return>  to quit.

[44] [45] [46]
Overfull \hbox (5.5169pt too wide) in paragraph at lines 58--59
\T1/ptm/m/n/12 Overlay menampilkan no-ti-fikasi donasi se-cara \T1/ptm/m/it/12 real-time \T1/ptm/m/n/12 yang di-am-bil melalui polling
 []


Overfull \hbox (4.60455pt too wide) in paragraph at lines 58--59
\T1/ptm/m/n/12 API tampi-lan ini dikon-fig-urasi agar kom-pat-i-bel den-gan OBS un-tuk keper-luan stream-
 []


LaTeX Warning: File `images/notifikasi_donasi.png' not found on input line 62.


! Package pdftex.def Error: File `images/notifikasi_donasi.png' not found: using draft setting.

See the pdftex.def package documentation for explanation.
Type  H <return>  for immediate help.
 ...                                              
                                                  
l.62 ...6\textwidth]{images/notifikasi_donasi.png}
                                                  
Try typing  <return>  to proceed.
If that doesn't work, type  X <return>  to quit.

[47]

LaTeX Warning: File `images/media_share.png' not found on input line 72.


! Package pdftex.def Error: File `images/media_share.png' not found: using draft setting.

See the pdftex.def package documentation for explanation.
Type  H <return>  for immediate help.
 ...                                              
                                                  
l.72 ...dth=0.6\textwidth]{images/media_share.png}
                                                  
Try typing  <return>  to proceed.
If that doesn't work, type  X <return>  to quit.


LaTeX Warning: File `images/qr_donasi.png' not found on input line 82.


! Package pdftex.def Error: File `images/qr_donasi.png' not found: using draft setting.

See the pdftex.def package documentation for explanation.
Type  H <return>  for immediate help.
 ...                                              
                                                  
l.82 ...width=0.4\textwidth]{images/qr_donasi.png}
                                                  
Try typing  <return>  to proceed.
If that doesn't work, type  X <return>  to quit.


LaTeX Warning: File `images/leaderboard_donatur.png' not found on input line 92.


! Package pdftex.def Error: File `images/leaderboard_donatur.png' not found: using draft setting.

See the pdftex.def package documentation for explanation.
Type  H <return>  for immediate help.
 ...                                              
                                                  
l.92 ...textwidth]{images/leaderboard_donatur.png}
                                                  
Try typing  <return>  to proceed.
If that doesn't work, type  X <return>  to quit.

[48] [49]

LaTeX Warning: File `images/dashboard_admin.png' not found on input line 105.


! Package pdftex.def Error: File `images/dashboard_admin.png' not found: using draft setting.

See the pdftex.def package documentation for explanation.
Type  H <return>  for immediate help.
 ...                                              
                                                  
l.105 ....8\textwidth]{images/dashboard_admin.png}
                                                  
Try typing  <return>  to proceed.
If that doesn't work, type  X <return>  to quit.


LaTeX Warning: File `images/tabel_creator.png' not found on input line 115.


! Package pdftex.def Error: File `images/tabel_creator.png' not found: using draft setting.

See the pdftex.def package documentation for explanation.
Type  H <return>  for immediate help.
 ...                                              
                                                  
l.115 ...=0.8\textwidth]{images/tabel_creator.png}
                                                  
Try typing  <return>  to proceed.
If that doesn't work, type  X <return>  to quit.


LaTeX Warning: File `images/tampilan_payout.png' not found on input line 125.


! Package pdftex.def Error: File `images/tampilan_payout.png' not found: using draft setting.

See the pdftex.def package documentation for explanation.
Type  H <return>  for immediate help.
 ...                                              
                                                  
l.125 ....8\textwidth]{images/tampilan_payout.png}
                                                  
Try typing  <return>  to proceed.
If that doesn't work, type  X <return>  to quit.

[50] [51] [52]) [53] [54]
\openout2 = `chapters/conclusion.aux'.

 (./chapters/conclusion.tex
BAB 5.

Overfull \hbox (2.00136pt too wide) in paragraph at lines 3--4
\T1/ptm/m/n/12 menan-gani alur utama donasi, mu-lai dari au-t-en-tikasi peng-guna, pen-catatan transaksi,
 []

)
Overfull \hbox (1.11356pt too wide) in paragraph at lines 7--171
[]\T1/ptm/m/n/12 Pengujian sis-tem di-fokuskan pada modul-modul utama yang bersi-fat kri-tis, se-hingga
 []

[55




] (./bukped.bbl
Underfull \hbox (badness 2689) in paragraph at lines 19--22
\T1/ptm/m/n/12 banga Karawang.  Pen-er-a-pan uml pada sis-tem in-for-masi pen-gad-uan
 []

[56



]) [57] (./bukped.aux (./chapters/introduction.aux) (./chapters/literature_review.aux) (./chapters/methodology.aux) (./chapters/results.aux) (./chapters/conclusion.aux))
 ***********
LaTeX2e <2025-11-01>
L3 programming layer <2025-12-29>
 ***********
Package rerunfilecheck Info: File `bukped.out' has not changed.
(rerunfilecheck)             Checksum: 8D3029106D13122483E2C6A67B202419;12220.
 ) 
Here is how much of TeX's memory you used:
 14249 strings out of 469519
 241897 string characters out of 5467704
 640259 words of memory out of 5000000
 42403 multiletter control sequences out of 15000+600000
 661042 words of font info for 83 fonts, out of 8000000 for 9000
 14 hyphenation exceptions out of 8191
 75i,10n,79p,1191b,576s stack positions out of 10000i,1000n,20000p,200000b,200000s
<c:/Users/4guss/AppData/Roaming/TinyTeX/texmf-dist/fonts/type1/public/amsfonts/cm/cmmi10.pfb><c:/Users/4guss/AppData/Roaming/TinyTeX/texmf-dist/fonts/type1/public/amsfonts/cm/cmsy10.pfb><c:/Users/4guss/AppData/Roaming/TinyTeX/texmf-dist/fonts/type1/urw/courier/ucrr8a.pfb><c:/Users/4guss/AppData/Roaming/TinyTeX/texmf-dist/fonts/type1/urw/times/utmb8a.pfb><c:/Users/4guss/AppData/Roaming/TinyTeX/texmf-dist/fonts/type1/urw/times/utmr8a.pfb><c:/Users/4guss/AppData/Roaming/TinyTeX/texmf-dist/fonts/type1/urw/times/utmri8a.pfb>
Output written on bukped.pdf (58 pages, 169017 bytes).
PDF statistics:
 880 PDF objects out of 1000 (max. 8388607)
 800 compressed objects within 8 object streams
 257 named destinations out of 1000 (max. 500000)
 633 words of extra memory for PDF output out of 10000 (max. 10000000)

